# JRE version: OpenJDK Runtime Environment (11.0.8+10) (build 11.0.8+10-b944.6842174)
# Java VM: OpenJDK 64-Bit Server VM (11.0.8+10-b944.6842174, mixed mode, tiered, compressed oops, g1 gc, windows-amd64)
Heap:
 garbage-first heap   total 649216K, used 295892K [0x0000000080000000, 0x0000000100000000)
  region size 1024K, 9 young (9216K), 9 survivors (9216K)
 Metaspace       used 111343K, capacity 113743K, committed 113868K, reserved 1148928K
  class space    used 13833K, capacity 14738K, committed 14848K, reserved 1048576K
GC Heap History (20 events):
Event: 55.184 GC heap after
{Heap after GC invocations=45 (full 0):
 garbage-first heap   total 328704K, used 230912K [0x0000000080000000, 0x0000000100000000)
  region size 1024K, 7 young (7168K), 7 survivors (7168K)
 Metaspace       used 107376K, capacity 109684K, committed 109900K, reserved 1144832K
  class space    used 13468K, capacity 14321K, committed 14464K, reserved 1048576K
}
Event: 55.520 GC heap before
{Heap before GC invocations=46 (full 0):
 garbage-first heap   total 328704K, used 265728K [0x0000000080000000, 0x0000000100000000)
  region size 1024K, 41 young (41984K), 7 survivors (7168K)
 Metaspace       used 108070K, capacity 110423K, committed 110668K, reserved 1144832K
  class space    used 13563K, capacity 14419K, committed 14464K, reserved 1048576K
}
Event: 55.540 GC heap after
{Heap after GC invocations=47 (full 0):
 garbage-first heap   total 328704K, used 244224K [0x0000000080000000, 0x0000000100000000)
  region size 1024K, 6 young (6144K), 6 survivors (6144K)
 Metaspace       used 108070K, capacity 110423K, committed 110668K, reserved 1144832K
  class space    used 13563K, capacity 14419K, committed 14464K, reserved 1048576K
}
Event: 55.657 GC heap before
{Heap before GC invocations=47 (full 0):
 garbage-first heap   total 328704K, used 253440K [0x0000000080000000, 0x0000000100000000)
  region size 1024K, 16 young (16384K), 6 survivors (6144K)
 Metaspace       used 108504K, capacity 110885K, committed 111052K, reserved 1146880K
  class space    used 13631K, capacity 14511K, committed 14592K, reserved 1048576K
}
Event: 55.678 GC heap after
{Heap after GC invocations=48 (full 0):
 garbage-first heap   total 395264K, used 241664K [0x0000000080000000, 0x0000000100000000)
  region size 1024K, 2 young (2048K), 2 survivors (2048K)
 Metaspace       used 108504K, capacity 110885K, committed 111052K, reserved 1146880K
  class space    used 13631K, capacity 14511K, committed 14592K, reserved 1048576K
}
Event: 56.303 GC heap before
{Heap before GC invocations=48 (full 0):
 garbage-first heap   total 395264K, used 295936K [0x0000000080000000, 0x0000000100000000)
  region size 1024K, 55 young (56320K), 2 survivors (2048K)
 Metaspace       used 109429K, capacity 111801K, committed 111948K, reserved 1146880K
  class space    used 13748K, capacity 14621K, committed 14720K, reserved 1048576K
}
Event: 56.321 GC heap after
{Heap after GC invocations=49 (full 0):
 garbage-first heap   total 395264K, used 261120K [0x0000000080000000, 0x0000000100000000)
  region size 1024K, 7 young (7168K), 7 survivors (7168K)
 Metaspace       used 109429K, capacity 111801K, committed 111948K, reserved 1146880K
  class space    used 13748K, capacity 14621K, committed 14720K, reserved 1048576K
}
Event: 57.708 GC heap before
{Heap before GC invocations=50 (full 0):
 garbage-first heap   total 395264K, used 308224K [0x0000000080000000, 0x0000000100000000)
  region size 1024K, 53 young (54272K), 7 survivors (7168K)
 Metaspace       used 110224K, capacity 112588K, committed 112716K, reserved 1146880K
  class space    used 13785K, capacity 14663K, committed 14720K, reserved 1048576K
}
Event: 57.736 GC heap after
{Heap after GC invocations=51 (full 0):
 garbage-first heap   total 395264K, used 271360K [0x0000000080000000, 0x0000000100000000)
  region size 1024K, 7 young (7168K), 7 survivors (7168K)
 Metaspace       used 110224K, capacity 112588K, committed 112716K, reserved 1146880K
  class space    used 13785K, capacity 14663K, committed 14720K, reserved 1048576K
}
Event: 57.954 GC heap before
{Heap before GC invocations=51 (full 0):
 garbage-first heap   total 395264K, used 283648K [0x0000000080000000, 0x0000000100000000)
  region size 1024K, 19 young (19456K), 7 survivors (7168K)
 Metaspace       used 110310K, capacity 112659K, committed 112716K, reserved 1146880K
  class space    used 13786K, capacity 14665K, committed 14720K, reserved 1048576K
}
Event: 57.992 GC heap after
{Heap after GC invocations=52 (full 0):
 garbage-first heap   total 395264K, used 246440K [0x0000000080000000, 0x0000000100000000)
  region size 1024K, 3 young (3072K), 3 survivors (3072K)
 Metaspace       used 110310K, capacity 112659K, committed 112716K, reserved 1146880K
  class space    used 13786K, capacity 14665K, committed 14720K, reserved 1048576K
}
Event: 58.714 GC heap before
{Heap before GC invocations=52 (full 0):
 garbage-first heap   total 395264K, used 299688K [0x0000000080000000, 0x0000000100000000)
  region size 1024K, 56 young (57344K), 3 survivors (3072K)
 Metaspace       used 110664K, capacity 113061K, committed 113356K, reserved 1148928K
  class space    used 13830K, capacity 14733K, committed 14848K, reserved 1048576K
}
Event: 58.750 GC heap after
{Heap after GC invocations=53 (full 0):
 garbage-first heap   total 463872K, used 254976K [0x0000000080000000, 0x0000000100000000)
  region size 1024K, 7 young (7168K), 7 survivors (7168K)
 Metaspace       used 110664K, capacity 113061K, committed 113356K, reserved 1148928K
  class space    used 13830K, capacity 14733K, committed 14848K, reserved 1048576K
}
Event: 59.916 GC heap before
{Heap before GC invocations=53 (full 0):
 garbage-first heap   total 463872K, used 331776K [0x0000000080000000, 0x0000000100000000)
  region size 1024K, 82 young (83968K), 7 survivors (7168K)
 Metaspace       used 110945K, capacity 113329K, committed 113612K, reserved 1148928K
  class space    used 13831K, capacity 14734K, committed 14848K, reserved 1048576K
}
Event: 59.973 GC heap after
{Heap after GC invocations=54 (full 0):
 garbage-first heap   total 463872K, used 265479K [0x0000000080000000, 0x0000000100000000)
  region size 1024K, 11 young (11264K), 11 survivors (11264K)
 Metaspace       used 110945K, capacity 113329K, committed 113612K, reserved 1148928K
  class space    used 13831K, capacity 14734K, committed 14848K, reserved 1048576K
}
Event: 61.262 GC heap before
{Heap before GC invocations=54 (full 0):
 garbage-first heap   total 463872K, used 343303K [0x0000000080000000, 0x0000000100000000)
  region size 1024K, 87 young (89088K), 11 survivors (11264K)
 Metaspace       used 111203K, capacity 113609K, committed 113868K, reserved 1148928K
  class space    used 13833K, capacity 14738K, committed 14848K, reserved 1048576K
}
Event: 61.321 GC heap after
{Heap after GC invocations=55 (full 0):
 garbage-first heap   total 463872K, used 275741K [0x0000000080000000, 0x0000000100000000)
  region size 1024K, 11 young (11264K), 11 survivors (11264K)
 Metaspace       used 111203K, capacity 113609K, committed 113868K, reserved 1148928K
  class space    used 13833K, capacity 14738K, committed 14848K, reserved 1048576K
}
Event: 62.289 GC heap before
{Heap before GC invocations=55 (full 0):
 garbage-first heap   total 463872K, used 353565K [0x0000000080000000, 0x0000000100000000)
  region size 1024K, 87 young (89088K), 11 survivors (11264K)
 Metaspace       used 111300K, capacity 113677K, committed 113868K, reserved 1148928K
  class space    used 13833K, capacity 14738K, committed 14848K, reserved 1048576K
}
Event: 62.349 GC heap after
{Heap after GC invocations=56 (full 0):
 garbage-first heap   total 463872K, used 287089K [0x0000000080000000, 0x0000000100000000)
  region size 1024K, 11 young (11264K), 11 survivors (11264K)
 Metaspace       used 111300K, capacity 113677K, committed 113868K, reserved 1148928K
  class space    used 13833K, capacity 14738K, committed 14848K, reserved 1048576K
}
Event: 62.940 GC heap before
{Heap before GC invocations=56 (full 0):
 garbage-first heap   total 463872K, used 362865K [0x0000000080000000, 0x0000000100000000)
  region size 1024K, 86 young (88064K), 11 survivors (11264K)
 Metaspace       used 111343K, capacity 113743K, committed 113868K, reserved 1148928K
  class space    used 13833K, capacity 14738K, committed 14848K, reserved 1048576K
}

